Keygen|2018/12/13 12:02:01 


------------------------Log File Created----------------------
Keygen|2018/12/13 12:02:01 &{ec ATypicalSubjectName testData/lockingParty/wECpub testData/lockingParty/wECpriv}
Keygen|2018/12/13 12:02:01 
...........END...............
Keygen|2018/12/13 12:02:01 


------------------------Log File Created----------------------
Keygen|2018/12/13 12:02:01 &{rsa ATypicalSubjectName testData/lockingParty/wRSApub testData/lockingParty/wRSApriv}
Keygen|2018/12/13 12:02:01 
...........END...............
Keygen|2018/12/13 12:02:01 


------------------------Log File Created----------------------
Keygen|2018/12/13 12:02:01 &{ec ATypicalSubjectName testData/unlockingParty/wECpub testData/unlockingParty/wECpriv}
Keygen|2018/12/13 12:02:01 
...........END...............
Keygen|2018/12/13 12:02:01 


------------------------Log File Created----------------------
Keygen|2018/12/13 12:02:01 &{rsa ATypicalSubjectName testData/unlockingParty/wRSApub testData/unlockingParty/wRSApriv}
Keygen|2018/12/13 12:02:01 
...........END...............
Keygen|2018/12/13 12:02:02 


------------------------Log File Created----------------------
Keygen|2018/12/13 12:02:02 
...........END...............
Keygen|2018/12/13 12:02:02 


------------------------Log File Created----------------------
Keygen|2018/12/13 12:06:00 


------------------------Log File Created----------------------
Keygen|2018/12/13 12:06:00 &{ec ATypicalSubjectName testData/lockingParty/wECpub testData/lockingParty/wECpriv}
Keygen|2018/12/13 12:06:00 
...........END...............
Keygen|2018/12/13 12:06:00 


------------------------Log File Created----------------------
Keygen|2018/12/13 12:06:00 &{rsa ATypicalSubjectName testData/lockingParty/wRSApub testData/lockingParty/wRSApriv}
Keygen|2018/12/13 12:06:01 
...........END...............
Keygen|2018/12/13 12:06:01 


------------------------Log File Created----------------------
Keygen|2018/12/13 12:06:01 &{ec ATypicalSubjectName testData/unlockingParty/wECpub testData/unlockingParty/wECpriv}
Keygen|2018/12/13 12:06:01 
...........END...............
Keygen|2018/12/13 12:06:01 


------------------------Log File Created----------------------
Keygen|2018/12/13 12:06:01 &{rsa ATypicalSubjectName testData/unlockingParty/wRSApub testData/unlockingParty/wRSApriv}
Keygen|2018/12/13 12:06:01 
...........END...............
Keygen|2018/12/13 12:06:01 


------------------------Log File Created----------------------
Keygen|2018/12/13 12:06:01 
...........END...............
Keygen|2018/12/13 12:06:01 


------------------------Log File Created----------------------
